<?xml version="1.0" encoding="utf-8" standalone="no"?>
<test-results xmlns:xsi="http://www.w3.org/2001/XMLSchema-instance" xsi:noNamespaceSchemaLocation="nunit_schema_2.5.xsd" name="Pester" total="58" errors="0" failures="0" not-run="0" inconclusive="0" ignored="0" skipped="0" invalid="0" date="2025-11-06" time="07:38:56">
  <environment nunit-version="2.5.8.0" cwd="C:\Projects\devops\Gitlab2DevOps" user-domain="MAGED" os-version="10.0.26200" platform="Microsoft Windows 11 Pro|C:\WINDOWS|\Device\Harddisk0\Partition3" clr-version="9.0.10" user="maged" machine-name="MAGED" />
  <culture-info current-culture="en-US" current-uiculture="en-US" />
  <test-suite type="TestFixture" name="Pester" executed="True" result="Success" success="True" time="2.9446" asserts="0" description="Pester">
    <results>
      <test-suite type="TestFixture" name="C:\Projects\devops\Gitlab2DevOps\tests\BusinessInit.Tests.ps1" executed="True" result="Success" success="True" time="1.1652" asserts="0" description="C:\Projects\devops\Gitlab2DevOps\tests\BusinessInit.Tests.ps1">
        <results>
          <test-suite type="TestFixture" name="BusinessInit CLI Mode" executed="True" result="Success" success="True" time="0.1887" asserts="0" description="BusinessInit CLI Mode">
            <results>
              <test-case description="Main script supports BusinessInit in ValidateSet and switch" name="BusinessInit CLI Mode.Main script supports BusinessInit in ValidateSet and switch" time="0.1177" asserts="0" success="True" result="Success" executed="True" />
              <test-case description="CLI docs include BusinessInit mode and output path" name="BusinessInit CLI Mode.CLI docs include BusinessInit mode and output path" time="0.019" asserts="0" success="True" result="Success" executed="True" />
            </results>
          </test-suite>
          <test-suite type="TestFixture" name="BusinessInit Module Exports" executed="True" result="Success" success="True" time="0.2351" asserts="0" description="BusinessInit Module Exports">
            <results>
              <test-case description="Migration module exports Initialize-BusinessInit" name="BusinessInit Module Exports.Migration module exports Initialize-BusinessInit" time="0.0168" asserts="0" success="True" result="Success" executed="True" />
              <test-case description="AzureDevOps module exports Ensure-AdoBusinessWiki" name="BusinessInit Module Exports.AzureDevOps module exports Ensure-AdoBusinessWiki" time="0.0145" asserts="0" success="True" result="Success" executed="True" />
              <test-case description="AzureDevOps module exports Ensure-AdoBusinessQueries" name="BusinessInit Module Exports.AzureDevOps module exports Ensure-AdoBusinessQueries" time="0.0079" asserts="0" success="True" result="Success" executed="True" />
            </results>
          </test-suite>
        </results>
      </test-suite>
      <test-suite type="TestFixture" name="C:\Projects\devops\Gitlab2DevOps\tests\Core.Rest.Tests.ps1" executed="True" result="Success" success="True" time="0.966" asserts="0" description="C:\Projects\devops\Gitlab2DevOps\tests\Core.Rest.Tests.ps1">
        <results>
          <test-suite type="TestFixture" name="Hide-Secret" executed="True" result="Success" success="True" time="0.1049" asserts="0" description="Hide-Secret">
            <results>
              <test-suite type="TestFixture" name="Hide-Secret.When masking Azure DevOps PAT" executed="True" result="Success" success="True" time="0.0825" asserts="0" description="Hide-Secret.When masking Azure DevOps PAT">
                <results>
                  <test-case description="Should mask PAT in URL" name="Hide-Secret.When masking Azure DevOps PAT.Should mask PAT in URL" time="0.0274" asserts="0" success="True" result="Success" executed="True" />
                  <test-case description="Should mask PAT in plain text" name="Hide-Secret.When masking Azure DevOps PAT.Should mask PAT in plain text" time="0.0051" asserts="0" success="True" result="Success" executed="True" />
                  <test-case description="Should handle empty secret" name="Hide-Secret.When masking Azure DevOps PAT.Should handle empty secret" time="0.0059" asserts="0" success="True" result="Success" executed="True" />
                  <test-case description="Should handle null text" name="Hide-Secret.When masking Azure DevOps PAT.Should handle null text" time="0.0063" asserts="0" success="True" result="Success" executed="True" />
                </results>
              </test-suite>
              <test-suite type="TestFixture" name="Hide-Secret.When masking GitLab token" executed="True" result="Success" success="True" time="0.0974" asserts="0" description="Hide-Secret.When masking GitLab token">
                <results>
                  <test-case description="Should mask token in URL" name="Hide-Secret.When masking GitLab token.Should mask token in URL" time="0.0077" asserts="0" success="True" result="Success" executed="True" />
                </results>
              </test-suite>
            </results>
          </test-suite>
          <test-suite type="TestFixture" name="New-NormalizedError" executed="True" result="Success" success="True" time="0.1875" asserts="0" description="New-NormalizedError">
            <results>
              <test-suite type="TestFixture" name="New-NormalizedError.When normalizing ErrorRecord" executed="True" result="Success" success="True" time="0.045" asserts="0" description="New-NormalizedError.When normalizing ErrorRecord">
                <results>
                  <test-case description="Should extract HTTP status code from exception" name="New-NormalizedError.When normalizing ErrorRecord.Should extract HTTP status code from exception" time="0.0344" asserts="0" success="True" result="Success" executed="True" />
                </results>
              </test-suite>
              <test-suite type="TestFixture" name="New-NormalizedError.When normalizing plain Exception" executed="True" result="Success" success="True" time="0.065" asserts="0" description="New-NormalizedError.When normalizing plain Exception">
                <results>
                  <test-case description="Should create normalized error object" name="New-NormalizedError.When normalizing plain Exception.Should create normalized error object" time="0.0105" asserts="0" success="True" result="Success" executed="True" />
                </results>
              </test-suite>
              <test-suite type="TestFixture" name="New-NormalizedError.When normalizing string error" executed="True" result="Success" success="True" time="0.0766" asserts="0" description="New-NormalizedError.When normalizing string error">
                <results>
                  <test-case description="Should handle string input" name="New-NormalizedError.When normalizing string error.Should handle string input" time="0.0066" asserts="0" success="True" result="Success" executed="True" />
                </results>
              </test-suite>
            </results>
          </test-suite>
          <test-suite type="TestFixture" name="Get-CoreRestVersion" executed="True" result="Success" success="True" time="0.2058" asserts="0" description="Get-CoreRestVersion">
            <results>
              <test-case description="Should return semantic version" name="Get-CoreRestVersion.Should return semantic version" time="0.0043" asserts="0" success="True" result="Success" executed="True" />
              <test-case description="Should return version 2.0.0 or higher" name="Get-CoreRestVersion.Should return version 2.0.0 or higher" time="0.0092" asserts="0" success="True" result="Success" executed="True" />
            </results>
          </test-suite>
          <test-suite type="TestFixture" name="Initialize-CoreRest" executed="True" result="Success" success="True" time="0.2582" asserts="0" description="Initialize-CoreRest">
            <results>
              <test-suite type="TestFixture" name="Initialize-CoreRest.When initializing with valid credentials" executed="True" result="Success" success="True" time="0.0259" asserts="0" description="Initialize-CoreRest.When initializing with valid credentials">
                <results>
                  <test-case description="Should set module-level variables" name="Initialize-CoreRest.When initializing with valid credentials.Should set module-level variables" time="0.019" asserts="0" success="True" result="Success" executed="True" />
                </results>
              </test-suite>
              <test-suite type="TestFixture" name="Initialize-CoreRest.When initializing with SkipCertificateCheck" executed="True" result="Success" success="True" time="0.0479" asserts="0" description="Initialize-CoreRest.When initializing with SkipCertificateCheck">
                <results>
                  <test-case description="Should accept SkipCertificateCheck parameter" name="Initialize-CoreRest.When initializing with SkipCertificateCheck.Should accept SkipCertificateCheck parameter" time="0.0172" asserts="0" success="True" result="Success" executed="True" />
                </results>
              </test-suite>
            </results>
          </test-suite>
          <test-suite type="TestFixture" name="New-AuthHeader" executed="True" result="Success" success="True" time="0.3102" asserts="0" description="New-AuthHeader">
            <results>
              <test-suite type="TestFixture" name="New-AuthHeader.When creating Azure DevOps auth header" executed="True" result="Success" success="True" time="0.0334" asserts="0" description="New-AuthHeader.When creating Azure DevOps auth header">
                <results>
                  <test-case description="Should create base64 encoded header" name="New-AuthHeader.When creating Azure DevOps auth header.Should create base64 encoded header" time="0.0118" asserts="0" success="True" result="Success" executed="True" />
                  <test-case description="Should include api-version parameter" name="New-AuthHeader.When creating Azure DevOps auth header.Should include api-version parameter" time="0.0105" asserts="0" success="True" result="Success" executed="True" />
                </results>
              </test-suite>
              <test-suite type="TestFixture" name="New-AuthHeader.When creating GitLab auth header" executed="True" result="Success" success="True" time="0.0475" asserts="0" description="New-AuthHeader.When creating GitLab auth header">
                <results>
                  <test-case description="Should create token-based header" name="New-AuthHeader.When creating GitLab auth header.Should create token-based header" time="0.0075" asserts="0" success="True" result="Success" executed="True" />
                </results>
              </test-suite>
            </results>
          </test-suite>
          <test-suite type="TestFixture" name="Invoke-RestWithRetry" executed="True" result="Success" success="True" time="0.8355" asserts="0" description="Invoke-RestWithRetry">
            <results>
              <test-suite type="TestFixture" name="Invoke-RestWithRetry.When API call succeeds" executed="True" result="Success" success="True" time="0.3184" asserts="0" description="Invoke-RestWithRetry.When API call succeeds">
                <results>
                  <test-case description="Should return response on first attempt" name="Invoke-RestWithRetry.When API call succeeds.Should return response on first attempt" time="0.1938" asserts="0" success="True" result="Success" executed="True" />
                </results>
              </test-suite>
              <test-suite type="TestFixture" name="Invoke-RestWithRetry.When API call fails with retryable error" executed="True" result="Success" success="True" time="0.4693" asserts="0" description="Invoke-RestWithRetry.When API call fails with retryable error">
                <results>
                  <test-case description="Should retry and eventually succeed" name="Invoke-RestWithRetry.When API call fails with retryable error.Should retry and eventually succeed" time="0.1174" asserts="0" success="True" result="Success" executed="True" />
                </results>
              </test-suite>
              <test-suite type="TestFixture" name="Invoke-RestWithRetry.When API call fails permanently" executed="True" result="Success" success="True" time="0.5149" asserts="0" description="Invoke-RestWithRetry.When API call fails permanently">
                <results>
                  <test-case description="Should throw after max attempts" name="Invoke-RestWithRetry.When API call fails permanently.Should throw after max attempts" time="0.0297" asserts="0" success="True" result="Success" executed="True" />
                </results>
              </test-suite>
            </results>
          </test-suite>
          <test-suite type="TestFixture" name="Module Exports" executed="True" result="Success" success="True" time="0.8742" asserts="0" description="Module Exports">
            <results>
              <test-case description="Should export Hide-Secret function" name="Module Exports.Should export Hide-Secret function" time="0.0083" asserts="0" success="True" result="Success" executed="True" />
              <test-case description="Should export New-NormalizedError function" name="Module Exports.Should export New-NormalizedError function" time="0.0092" asserts="0" success="True" result="Success" executed="True" />
              <test-case description="Should export Get-CoreRestVersion function" name="Module Exports.Should export Get-CoreRestVersion function" time="0.0074" asserts="0" success="True" result="Success" executed="True" />
              <test-case description="Should export Initialize-CoreRest function" name="Module Exports.Should export Initialize-CoreRest function" time="0.0076" asserts="0" success="True" result="Success" executed="True" />
            </results>
          </test-suite>
        </results>
      </test-suite>
      <test-suite type="TestFixture" name="C:\Projects\devops\Gitlab2DevOps\tests\Logging.Tests.ps1" executed="True" result="Success" success="True" time="0.8135" asserts="0" description="C:\Projects\devops\Gitlab2DevOps\tests\Logging.Tests.ps1">
        <results>
          <test-suite type="TestFixture" name="Get-MigrationsDirectory" executed="True" result="Success" success="True" time="0.0274" asserts="0" description="Get-MigrationsDirectory">
            <results>
              <test-case description="Should return migrations directory path" name="Get-MigrationsDirectory.Should return migrations directory path" time="0.0104" asserts="0" success="True" result="Success" executed="True" />
            </results>
          </test-suite>
          <test-suite type="TestFixture" name="Get-ProjectPaths" executed="True" result="Success" success="True" time="0.0663" asserts="0" description="Get-ProjectPaths">
            <results>
              <test-suite type="TestFixture" name="Get-ProjectPaths.When getting paths for project" executed="True" result="Success" success="True" time="0.0323" asserts="0" description="Get-ProjectPaths.When getting paths for project">
                <results>
                  <test-case description="Should return all required paths" name="Get-ProjectPaths.When getting paths for project.Should return all required paths" time="0.0144" asserts="0" success="True" result="Success" executed="True" />
                  <test-case description="Should handle project names with special characters" name="Get-ProjectPaths.When getting paths for project.Should handle project names with special characters" time="0.0129" asserts="0" success="True" result="Success" executed="True" />
                </results>
              </test-suite>
            </results>
          </test-suite>
          <test-suite type="TestFixture" name="New-LogFilePath" executed="True" result="Success" success="True" time="0.0907" asserts="0" description="New-LogFilePath">
            <results>
              <test-case description="Should create timestamped log filename" name="New-LogFilePath.Should create timestamped log filename" time="0.012" asserts="0" success="True" result="Success" executed="True" />
              <test-case description="Should support different operations" name="New-LogFilePath.Should support different operations" time="0.0076" asserts="0" success="True" result="Success" executed="True" />
            </results>
          </test-suite>
          <test-suite type="TestFixture" name="New-ReportFilePath" executed="True" result="Success" success="True" time="0.1249" asserts="0" description="New-ReportFilePath">
            <results>
              <test-case description="Should create report filename" name="New-ReportFilePath.Should create report filename" time="0.0178" asserts="0" success="True" result="Success" executed="True" />
              <test-case description="Should support different report types" name="New-ReportFilePath.Should support different report types" time="0.0097" asserts="0" success="True" result="Success" executed="True" />
            </results>
          </test-suite>
          <test-suite type="TestFixture" name="Write-MigrationLog" executed="True" result="Success" success="True" time="0.2507" asserts="0" description="Write-MigrationLog">
            <results>
              <test-suite type="TestFixture" name="Write-MigrationLog.When writing to log file" executed="True" result="Success" success="True" time="0.12" asserts="0" description="Write-MigrationLog.When writing to log file">
                <results>
                  <test-case description="Should create log file with message" name="Write-MigrationLog.When writing to log file.Should create log file with message" time="0.0531" asserts="0" success="True" result="Success" executed="True" />
                  <test-case description="Should append to existing log file" name="Write-MigrationLog.When writing to log file.Should append to existing log file" time="0.0371" asserts="0" success="True" result="Success" executed="True" />
                  <test-case description="Should include timestamp" name="Write-MigrationLog.When writing to log file.Should include timestamp" time="0.0227" asserts="0" success="True" result="Success" executed="True" />
                </results>
              </test-suite>
            </results>
          </test-suite>
          <test-suite type="TestFixture" name="Write-MigrationReport" executed="True" result="Success" success="True" time="0.3282" asserts="0" description="Write-MigrationReport">
            <results>
              <test-suite type="TestFixture" name="Write-MigrationReport.When writing JSON report" executed="True" result="Success" success="True" time="0.0712" asserts="0" description="Write-MigrationReport.When writing JSON report">
                <results>
                  <test-case description="Should create JSON report file" name="Write-MigrationReport.When writing JSON report.Should create JSON report file" time="0.0402" asserts="0" success="True" result="Success" executed="True" />
                  <test-case description="Should handle nested objects" name="Write-MigrationReport.When writing JSON report.Should handle nested objects" time="0.0205" asserts="0" success="True" result="Success" executed="True" />
                </results>
              </test-suite>
            </results>
          </test-suite>
          <test-suite type="TestFixture" name="Write-MigrationMessage" executed="True" result="Success" success="True" time="0.3774" asserts="0" description="Write-MigrationMessage">
            <results>
              <test-case description="Should display INFO message" name="Write-MigrationMessage.Should display INFO message" time="0.0081" asserts="0" success="True" result="Success" executed="True" />
              <test-case description="Should display WARN message" name="Write-MigrationMessage.Should display WARN message" time="0.0098" asserts="0" success="True" result="Success" executed="True" />
              <test-case description="Should display ERROR message" name="Write-MigrationMessage.Should display ERROR message" time="0.0056" asserts="0" success="True" result="Success" executed="True" />
              <test-case description="Should display SUCCESS message" name="Write-MigrationMessage.Should display SUCCESS message" time="0.0065" asserts="0" success="True" result="Success" executed="True" />
              <test-case description="Should display DEBUG message" name="Write-MigrationMessage.Should display DEBUG message" time="0.0061" asserts="0" success="True" result="Success" executed="True" />
              <test-case description="Should default to INFO level" name="Write-MigrationMessage.Should default to INFO level" time="0.0054" asserts="0" success="True" result="Success" executed="True" />
            </results>
          </test-suite>
          <test-suite type="TestFixture" name="New-RunManifest" executed="True" result="Success" success="True" time="0.4527" asserts="0" description="New-RunManifest">
            <results>
              <test-suite type="TestFixture" name="New-RunManifest.When creating run manifest" executed="True" result="Success" success="True" time="0.0695" asserts="0" description="New-RunManifest.When creating run manifest">
                <results>
                  <test-case description="Should create manifest with required fields" name="New-RunManifest.When creating run manifest.Should create manifest with required fields" time="0.0348" asserts="0" success="True" result="Success" executed="True" />
                  <test-case description="Should include parameters when provided" name="New-RunManifest.When creating run manifest.Should include parameters when provided" time="0.0139" asserts="0" success="True" result="Success" executed="True" />
                  <test-case description="Should include environment information" name="New-RunManifest.When creating run manifest.Should include environment information" time="0.0147" asserts="0" success="True" result="Success" executed="True" />
                </results>
              </test-suite>
            </results>
          </test-suite>
          <test-suite type="TestFixture" name="Update-RunManifest" executed="True" result="Success" success="True" time="0.589" asserts="0" description="Update-RunManifest">
            <results>
              <test-suite type="TestFixture" name="Update-RunManifest.When updating manifest status" executed="True" result="Success" success="True" time="0.1322" asserts="0" description="Update-RunManifest.When updating manifest status">
                <results>
                  <test-case description="Should update status to SUCCESS" name="Update-RunManifest.When updating manifest status.Should update status to SUCCESS" time="0.0558" asserts="0" success="True" result="Success" executed="True" />
                  <test-case description="Should update status to FAILED with errors" name="Update-RunManifest.When updating manifest status.Should update status to FAILED with errors" time="0.0339" asserts="0" success="True" result="Success" executed="True" />
                  <test-case description="Should include warnings" name="Update-RunManifest.When updating manifest status.Should include warnings" time="0.0366" asserts="0" success="True" result="Success" executed="True" />
                </results>
              </test-suite>
            </results>
          </test-suite>
          <test-suite type="TestFixture" name="New-MigrationSummary" executed="True" result="Success" success="True" time="0.6189" asserts="0" description="New-MigrationSummary">
            <results>
              <test-case description="Should create summary with all fields" name="New-MigrationSummary.Should create summary with all fields" time="0.0165" asserts="0" success="True" result="Success" executed="True" />
              <test-case description="Should include additional data" name="New-MigrationSummary.Should include additional data" time="0.0086" asserts="0" success="True" result="Success" executed="True" />
            </results>
          </test-suite>
          <test-suite type="TestFixture" name="Module Exports" executed="True" result="Success" success="True" time="0.6659" asserts="0" description="Module Exports">
            <results>
              <test-case description="Should export Get-MigrationsDirectory" name="Module Exports.Should export Get-MigrationsDirectory" time="0.0082" asserts="0" success="True" result="Success" executed="True" />
              <test-case description="Should export Write-MigrationLog" name="Module Exports.Should export Write-MigrationLog" time="0.0072" asserts="0" success="True" result="Success" executed="True" />
              <test-case description="Should export Write-MigrationReport" name="Module Exports.Should export Write-MigrationReport" time="0.0079" asserts="0" success="True" result="Success" executed="True" />
              <test-case description="Should export New-RunManifest" name="Module Exports.Should export New-RunManifest" time="0.0077" asserts="0" success="True" result="Success" executed="True" />
              <test-case description="Should export Update-RunManifest" name="Module Exports.Should export Update-RunManifest" time="0.0084" asserts="0" success="True" result="Success" executed="True" />
            </results>
          </test-suite>
        </results>
      </test-suite>
    </results>
  </test-suite>
</test-results>