<?xml version="1.0" encoding="utf-8" standalone="no"?>
<test-results xmlns:xsi="http://www.w3.org/2001/XMLSchema-instance" xsi:noNamespaceSchemaLocation="nunit_schema_2.5.xsd" name="Pester" total="31" errors="0" failures="0" not-run="0" inconclusive="0" ignored="0" skipped="0" invalid="0" date="2025-11-15" time="18:32:07">
  <environment platform="Microsoft Windows 11 Pro|C:\WINDOWS|\Device\Harddisk0\Partition3" cwd="C:\Projects\devops\Gitlab2DevOps" os-version="10.0.26200" clr-version="9.0.10" user="maged" nunit-version="2.5.8.0" machine-name="MAGED" user-domain="MAGED" />
  <culture-info current-culture="en-US" current-uiculture="en-US" />
  <test-suite type="TestFixture" name="Pester" executed="True" result="Success" success="True" time="1.2495" asserts="0" description="Pester">
    <results>
      <test-suite type="TestFixture" name="C:\Projects\devops\Gitlab2DevOps\tests\Logging.Tests.ps1" executed="True" result="Success" success="True" time="1.2495" asserts="0" description="C:\Projects\devops\Gitlab2DevOps\tests\Logging.Tests.ps1">
        <results>
          <test-suite type="TestFixture" name="Get-MigrationsDirectory" executed="True" result="Success" success="True" time="0.1711" asserts="0" description="Get-MigrationsDirectory">
            <results>
              <test-case description="Should return migrations directory path" name="Get-MigrationsDirectory.Should return migrations directory path" time="0.1278" asserts="0" success="True" result="Success" executed="True" />
            </results>
          </test-suite>
          <test-suite type="TestFixture" name="Get-ProjectPaths" executed="True" result="Success" success="True" time="0.2177" asserts="0" description="Get-ProjectPaths">
            <results>
              <test-suite type="TestFixture" name="Get-ProjectPaths.When getting paths for project" executed="True" result="Success" success="True" time="0.0424" asserts="0" description="Get-ProjectPaths.When getting paths for project">
                <results>
                  <test-case description="Should return all required paths" name="Get-ProjectPaths.When getting paths for project.Should return all required paths" time="0.0143" asserts="0" success="True" result="Success" executed="True" />
                  <test-case description="Should handle project names with special characters" name="Get-ProjectPaths.When getting paths for project.Should handle project names with special characters" time="0.0069" asserts="0" success="True" result="Success" executed="True" />
                </results>
              </test-suite>
            </results>
          </test-suite>
          <test-suite type="TestFixture" name="New-LogFilePath" executed="True" result="Success" success="True" time="0.2393" asserts="0" description="New-LogFilePath">
            <results>
              <test-case description="Should create timestamped log filename" name="New-LogFilePath.Should create timestamped log filename" time="0.0104" asserts="0" success="True" result="Success" executed="True" />
              <test-case description="Should support different operations" name="New-LogFilePath.Should support different operations" time="0.007" asserts="0" success="True" result="Success" executed="True" />
            </results>
          </test-suite>
          <test-suite type="TestFixture" name="New-ReportFilePath" executed="True" result="Success" success="True" time="0.2632" asserts="0" description="New-ReportFilePath">
            <results>
              <test-case description="Should create report filename" name="New-ReportFilePath.Should create report filename" time="0.0121" asserts="0" success="True" result="Success" executed="True" />
              <test-case description="Should support different report types" name="New-ReportFilePath.Should support different report types" time="0.0069" asserts="0" success="True" result="Success" executed="True" />
            </results>
          </test-suite>
          <test-suite type="TestFixture" name="Write-MigrationLog" executed="True" result="Success" success="True" time="0.4096" asserts="0" description="Write-MigrationLog">
            <results>
              <test-suite type="TestFixture" name="Write-MigrationLog.When writing to log file" executed="True" result="Success" success="True" time="0.1423" asserts="0" description="Write-MigrationLog.When writing to log file">
                <results>
                  <test-case description="Should create log file with message" name="Write-MigrationLog.When writing to log file.Should create log file with message" time="0.0748" asserts="0" success="True" result="Success" executed="True" />
                  <test-case description="Should append to existing log file" name="Write-MigrationLog.When writing to log file.Should append to existing log file" time="0.0366" asserts="0" success="True" result="Success" executed="True" />
                  <test-case description="Should include timestamp" name="Write-MigrationLog.When writing to log file.Should include timestamp" time="0.0253" asserts="0" success="True" result="Success" executed="True" />
                </results>
              </test-suite>
            </results>
          </test-suite>
          <test-suite type="TestFixture" name="Write-MigrationReport" executed="True" result="Success" success="True" time="0.4806" asserts="0" description="Write-MigrationReport">
            <results>
              <test-suite type="TestFixture" name="Write-MigrationReport.When writing JSON report" executed="True" result="Success" success="True" time="0.0675" asserts="0" description="Write-MigrationReport.When writing JSON report">
                <results>
                  <test-case description="Should create JSON report file" name="Write-MigrationReport.When writing JSON report.Should create JSON report file" time="0.0453" asserts="0" success="True" result="Success" executed="True" />
                  <test-case description="Should handle nested objects" name="Write-MigrationReport.When writing JSON report.Should handle nested objects" time="0.0179" asserts="0" success="True" result="Success" executed="True" />
                </results>
              </test-suite>
            </results>
          </test-suite>
          <test-suite type="TestFixture" name="Write-MigrationMessage" executed="True" result="Success" success="True" time="0.5332" asserts="0" description="Write-MigrationMessage">
            <results>
              <test-case description="Should display INFO message" name="Write-MigrationMessage.Should display INFO message" time="0.0154" asserts="0" success="True" result="Success" executed="True" />
              <test-case description="Should display WARN message" name="Write-MigrationMessage.Should display WARN message" time="0.0086" asserts="0" success="True" result="Success" executed="True" />
              <test-case description="Should display ERROR message" name="Write-MigrationMessage.Should display ERROR message" time="0.0061" asserts="0" success="True" result="Success" executed="True" />
              <test-case description="Should display SUCCESS message" name="Write-MigrationMessage.Should display SUCCESS message" time="0.0057" asserts="0" success="True" result="Success" executed="True" />
              <test-case description="Should display DEBUG message" name="Write-MigrationMessage.Should display DEBUG message" time="0.0054" asserts="0" success="True" result="Success" executed="True" />
              <test-case description="Should default to INFO level" name="Write-MigrationMessage.Should default to INFO level" time="0.0069" asserts="0" success="True" result="Success" executed="True" />
            </results>
          </test-suite>
          <test-suite type="TestFixture" name="New-RunManifest" executed="True" result="Success" success="True" time="0.6237" asserts="0" description="New-RunManifest">
            <results>
              <test-suite type="TestFixture" name="New-RunManifest.When creating run manifest" executed="True" result="Success" success="True" time="0.0862" asserts="0" description="New-RunManifest.When creating run manifest">
                <results>
                  <test-case description="Should create manifest with required fields" name="New-RunManifest.When creating run manifest.Should create manifest with required fields" time="0.0538" asserts="0" success="True" result="Success" executed="True" />
                  <test-case description="Should include parameters when provided" name="New-RunManifest.When creating run manifest.Should include parameters when provided" time="0.0136" asserts="0" success="True" result="Success" executed="True" />
                  <test-case description="Should include environment information" name="New-RunManifest.When creating run manifest.Should include environment information" time="0.0127" asserts="0" success="True" result="Success" executed="True" />
                </results>
              </test-suite>
            </results>
          </test-suite>
          <test-suite type="TestFixture" name="Update-RunManifest" executed="True" result="Success" success="True" time="0.7621" asserts="0" description="Update-RunManifest">
            <results>
              <test-suite type="TestFixture" name="Update-RunManifest.When updating manifest status" executed="True" result="Success" success="True" time="0.1348" asserts="0" description="Update-RunManifest.When updating manifest status">
                <results>
                  <test-case description="Should update status to SUCCESS" name="Update-RunManifest.When updating manifest status.Should update status to SUCCESS" time="0.0651" asserts="0" success="True" result="Success" executed="True" />
                  <test-case description="Should update status to FAILED with errors" name="Update-RunManifest.When updating manifest status.Should update status to FAILED with errors" time="0.0334" asserts="0" success="True" result="Success" executed="True" />
                  <test-case description="Should include warnings" name="Update-RunManifest.When updating manifest status.Should include warnings" time="0.032" asserts="0" success="True" result="Success" executed="True" />
                </results>
              </test-suite>
            </results>
          </test-suite>
          <test-suite type="TestFixture" name="New-MigrationSummary" executed="True" result="Success" success="True" time="0.7843" asserts="0" description="New-MigrationSummary">
            <results>
              <test-case description="Should create summary with all fields" name="New-MigrationSummary.Should create summary with all fields" time="0.0118" asserts="0" success="True" result="Success" executed="True" />
              <test-case description="Should include additional data" name="New-MigrationSummary.Should include additional data" time="0.0062" asserts="0" success="True" result="Success" executed="True" />
            </results>
          </test-suite>
          <test-suite type="TestFixture" name="Module Exports" executed="True" result="Success" success="True" time="0.828" asserts="0" description="Module Exports">
            <results>
              <test-case description="Should export Get-MigrationsDirectory" name="Module Exports.Should export Get-MigrationsDirectory" time="0.0086" asserts="0" success="True" result="Success" executed="True" />
              <test-case description="Should export Write-MigrationLog" name="Module Exports.Should export Write-MigrationLog" time="0.0072" asserts="0" success="True" result="Success" executed="True" />
              <test-case description="Should export Write-MigrationReport" name="Module Exports.Should export Write-MigrationReport" time="0.0091" asserts="0" success="True" result="Success" executed="True" />
              <test-case description="Should export New-RunManifest" name="Module Exports.Should export New-RunManifest" time="0.0072" asserts="0" success="True" result="Success" executed="True" />
              <test-case description="Should export Update-RunManifest" name="Module Exports.Should export Update-RunManifest" time="0.0071" asserts="0" success="True" result="Success" executed="True" />
            </results>
          </test-suite>
        </results>
      </test-suite>
    </results>
  </test-suite>
</test-results>